Apr 25 14:10:37 Installed: mpfr-3.1.1-4.el7.x86_64
Apr 25 14:10:37 Installed: libmpc-1.0.1-3.el7.x86_64
Apr 25 14:10:37 Installed: cpp-4.8.5-16.el7_4.2.x86_64
Apr 25 14:10:38 Installed: kernel-headers-3.10.0-693.21.1.el7.x86_64
Apr 25 14:10:38 Installed: glibc-headers-2.17-196.el7_4.2.x86_64
Apr 25 14:10:38 Installed: glibc-devel-2.17-196.el7_4.2.x86_64
Apr 25 14:10:40 Installed: gcc-4.8.5-16.el7_4.2.x86_64
Apr 25 14:10:49 Installed: bc-1.06.95-13.el7.x86_64
Apr 25 14:11:03 Installed: zlib-devel-1.2.7-17.el7.x86_64
Apr 25 14:11:03 Installed: elfutils-libelf-devel-0.168-8.el7.x86_64
Apr 25 14:11:18 Installed: libkadm5-1.15.1-8.el7.x86_64
Apr 25 14:11:18 Installed: libsepol-devel-2.5-6.el7.x86_64
Apr 25 14:11:18 Installed: pcre-devel-8.32-17.el7.x86_64
Apr 25 14:11:19 Installed: libselinux-devel-2.5-11.el7.x86_64
Apr 25 14:11:19 Installed: libcom_err-devel-1.42.9-10.el7.x86_64
Apr 25 14:11:19 Installed: libverto-devel-0.2.5-4.el7.x86_64
Apr 25 14:11:19 Installed: keyutils-libs-devel-1.5.8-3.el7.x86_64
Apr 25 14:11:19 Installed: krb5-devel-1.15.1-8.el7.x86_64
Apr 25 14:11:20 Installed: 1:openssl-devel-1.0.2k-8.el7.x86_64
Apr 25 14:11:28 Installed: 1:perl-parent-0.225-244.el7.noarch
Apr 25 14:11:28 Installed: perl-HTTP-Tiny-0.033-3.el7.noarch
Apr 25 14:11:28 Installed: perl-podlators-2.5.1-3.el7.noarch
Apr 25 14:11:28 Installed: perl-Pod-Perldoc-3.20-4.el7.noarch
Apr 25 14:11:28 Installed: 1:perl-Pod-Escapes-1.04-292.el7.noarch
Apr 25 14:11:28 Installed: perl-Text-ParseWords-3.29-4.el7.noarch
Apr 25 14:11:29 Installed: perl-Encode-2.51-7.el7.x86_64
Apr 25 14:11:29 Installed: perl-Pod-Usage-1.63-3.el7.noarch
Apr 25 14:11:29 Installed: 4:perl-macros-5.16.3-292.el7.x86_64
Apr 25 14:11:29 Installed: 4:perl-libs-5.16.3-292.el7.x86_64
Apr 25 14:11:29 Installed: perl-Storable-2.45-3.el7.x86_64
Apr 25 14:11:29 Installed: perl-Exporter-5.68-3.el7.noarch
Apr 25 14:11:29 Installed: perl-constant-1.27-2.el7.noarch
Apr 25 14:11:29 Installed: perl-Time-Local-1.2300-2.el7.noarch
Apr 25 14:11:29 Installed: perl-Socket-2.010-4.el7.x86_64
Apr 25 14:11:29 Installed: perl-Carp-1.26-244.el7.noarch
Apr 25 14:11:29 Installed: 4:perl-Time-HiRes-1.9725-3.el7.x86_64
Apr 25 14:11:29 Installed: perl-PathTools-3.40-5.el7.x86_64
Apr 25 14:11:29 Installed: perl-Scalar-List-Utils-1.27-248.el7.x86_64
Apr 25 14:11:29 Installed: perl-File-Temp-0.23.01-3.el7.noarch
Apr 25 14:11:29 Installed: perl-File-Path-2.09-2.el7.noarch
Apr 25 14:11:29 Installed: perl-threads-shared-1.43-6.el7.x86_64
Apr 25 14:11:29 Installed: perl-threads-1.87-4.el7.x86_64
Apr 25 14:11:29 Installed: perl-Filter-1.49-3.el7.x86_64
Apr 25 14:11:29 Installed: 1:perl-Pod-Simple-3.28-4.el7.noarch
Apr 25 14:11:29 Installed: perl-Getopt-Long-2.40-2.el7.noarch
Apr 25 14:11:31 Installed: 4:perl-5.16.3-292.el7.x86_64
Apr 25 14:12:01 Installed: wget-1.14-15.el7_4.1.x86_64
Apr 25 14:18:05 Installed: m4-1.4.16-10.el7.x86_64
Apr 25 14:18:05 Installed: bison-3.0.4-1.el7.x86_64
Apr 25 14:18:16 Installed: flex-2.5.37-3.el7.x86_64
Apr 25 15:57:21 Installed: nano-2.3.1-10.el7.x86_64
Apr 25 15:59:05 Installed: gpm-libs-1.20.7-5.el7.x86_64
Apr 25 15:59:05 Installed: 2:vim-filesystem-7.4.160-2.el7.x86_64
Apr 25 15:59:07 Installed: 2:vim-common-7.4.160-2.el7.x86_64
Apr 25 15:59:07 Installed: 2:vim-enhanced-7.4.160-2.el7.x86_64
